{"H:\\Projetos\\Tech Challenge 3\\backend\\src\\app.js": {"path":"H:\\Projetos\\Tech Challenge 3\\backend\\src\\app.js","statementMap":{"0":{"start":{"line":1,"column":16},"end":{"line":1,"column":34}},"1":{"start":{"line":2,"column":20},"end":{"line":2,"column":45}},"2":{"start":{"line":4,"column":12},"end":{"line":4,"column":21}},"3":{"start":{"line":6,"column":0},"end":{"line":6,"column":24}},"4":{"start":{"line":7,"column":0},"end":{"line":7,"column":31}},"5":{"start":{"line":9,"column":0},"end":{"line":9,"column":21}}},"fnMap":{},"branchMap":{},"s":{"0":1,"1":1,"2":1,"3":1,"4":1,"5":1},"f":{},"b":{},"_coverageSchema":"1a1c01bbd47fc00a2c39e90264f33305004495a9","hash":"ab1558e1c3b75a9bdc422a5e586feaf31a30f5c2"}
,"H:\\Projetos\\Tech Challenge 3\\backend\\src\\controllers\\postController.js": {"path":"H:\\Projetos\\Tech Challenge 3\\backend\\src\\controllers\\postController.js","statementMap":{"0":{"start":{"line":1,"column":17},"end":{"line":1,"column":37}},"1":{"start":{"line":2,"column":15},"end":{"line":2,"column":35}},"2":{"start":{"line":5,"column":0},"end":{"line":12,"column":2}},"3":{"start":{"line":6,"column":2},"end":{"line":11,"column":3}},"4":{"start":{"line":7,"column":18},"end":{"line":7,"column":38}},"5":{"start":{"line":8,"column":4},"end":{"line":8,"column":20}},"6":{"start":{"line":10,"column":4},"end":{"line":10,"column":64}},"7":{"start":{"line":15,"column":0},"end":{"line":30,"column":2}},"8":{"start":{"line":16,"column":13},"end":{"line":16,"column":26}},"9":{"start":{"line":19,"column":2},"end":{"line":21,"column":3}},"10":{"start":{"line":20,"column":4},"end":{"line":20,"column":59}},"11":{"start":{"line":23,"column":2},"end":{"line":29,"column":3}},"12":{"start":{"line":24,"column":17},"end":{"line":24,"column":51}},"13":{"start":{"line":25,"column":4},"end":{"line":25,"column":78}},"14":{"start":{"line":25,"column":15},"end":{"line":25,"column":78}},"15":{"start":{"line":26,"column":4},"end":{"line":26,"column":19}},"16":{"start":{"line":28,"column":4},"end":{"line":28,"column":62}},"17":{"start":{"line":34,"column":0},"end":{"line":47,"column":2}},"18":{"start":{"line":35,"column":37},"end":{"line":35,"column":45}},"19":{"start":{"line":37,"column":2},"end":{"line":39,"column":3}},"20":{"start":{"line":38,"column":4},"end":{"line":38,"column":80}},"21":{"start":{"line":41,"column":2},"end":{"line":46,"column":3}},"22":{"start":{"line":42,"column":17},"end":{"line":42,"column":62}},"23":{"start":{"line":43,"column":4},"end":{"line":43,"column":31}},"24":{"start":{"line":45,"column":4},"end":{"line":45,"column":61}},"25":{"start":{"line":50,"column":0},"end":{"line":68,"column":2}},"26":{"start":{"line":51,"column":2},"end":{"line":67,"column":3}},"27":{"start":{"line":52,"column":39},"end":{"line":52,"column":47}},"28":{"start":{"line":54,"column":4},"end":{"line":56,"column":5}},"29":{"start":{"line":54,"column":47},"end":{"line":54,"column":76}},"30":{"start":{"line":55,"column":6},"end":{"line":55,"column":109}},"31":{"start":{"line":58,"column":17},"end":{"line":58,"column":51}},"32":{"start":{"line":59,"column":4},"end":{"line":61,"column":5}},"33":{"start":{"line":60,"column":6},"end":{"line":60,"column":69}},"34":{"start":{"line":63,"column":4},"end":{"line":63,"column":50}},"35":{"start":{"line":64,"column":4},"end":{"line":64,"column":19}},"36":{"start":{"line":66,"column":4},"end":{"line":66,"column":65}},"37":{"start":{"line":72,"column":0},"end":{"line":82,"column":2}},"38":{"start":{"line":73,"column":2},"end":{"line":81,"column":3}},"39":{"start":{"line":74,"column":17},"end":{"line":74,"column":51}},"40":{"start":{"line":75,"column":4},"end":{"line":75,"column":78}},"41":{"start":{"line":75,"column":15},"end":{"line":75,"column":78}},"42":{"start":{"line":77,"column":4},"end":{"line":77,"column":25}},"43":{"start":{"line":78,"column":4},"end":{"line":78,"column":27}},"44":{"start":{"line":80,"column":4},"end":{"line":80,"column":63}},"45":{"start":{"line":85,"column":0},"end":{"line":107,"column":2}},"46":{"start":{"line":86,"column":2},"end":{"line":106,"column":3}},"47":{"start":{"line":87,"column":18},"end":{"line":87,"column":29}},"48":{"start":{"line":90,"column":4},"end":{"line":92,"column":5}},"49":{"start":{"line":91,"column":6},"end":{"line":91,"column":38}},"50":{"start":{"line":94,"column":18},"end":{"line":101,"column":6}},"51":{"start":{"line":103,"column":4},"end":{"line":103,"column":39}},"52":{"start":{"line":105,"column":4},"end":{"line":105,"column":64}}},"fnMap":{"0":{"name":"(anonymous_0)","decl":{"start":{"line":5,"column":22},"end":{"line":5,"column":23}},"loc":{"start":{"line":5,"column":42},"end":{"line":12,"column":1}},"line":5},"1":{"name":"(anonymous_1)","decl":{"start":{"line":15,"column":22},"end":{"line":15,"column":23}},"loc":{"start":{"line":15,"column":42},"end":{"line":30,"column":1}},"line":15},"2":{"name":"createPost","decl":{"start":{"line":34,"column":36},"end":{"line":34,"column":46}},"loc":{"start":{"line":34,"column":57},"end":{"line":47,"column":1}},"line":34},"3":{"name":"(anonymous_3)","decl":{"start":{"line":50,"column":21},"end":{"line":50,"column":22}},"loc":{"start":{"line":50,"column":41},"end":{"line":68,"column":1}},"line":50},"4":{"name":"(anonymous_4)","decl":{"start":{"line":54,"column":38},"end":{"line":54,"column":39}},"loc":{"start":{"line":54,"column":47},"end":{"line":54,"column":76}},"line":54},"5":{"name":"(anonymous_5)","decl":{"start":{"line":72,"column":21},"end":{"line":72,"column":22}},"loc":{"start":{"line":72,"column":41},"end":{"line":82,"column":1}},"line":72},"6":{"name":"(anonymous_6)","decl":{"start":{"line":85,"column":22},"end":{"line":85,"column":23}},"loc":{"start":{"line":85,"column":42},"end":{"line":107,"column":1}},"line":85}},"branchMap":{"0":{"loc":{"start":{"line":19,"column":2},"end":{"line":21,"column":3}},"type":"if","locations":[{"start":{"line":19,"column":2},"end":{"line":21,"column":3}},{"start":{},"end":{}}],"line":19},"1":{"loc":{"start":{"line":25,"column":4},"end":{"line":25,"column":78}},"type":"if","locations":[{"start":{"line":25,"column":4},"end":{"line":25,"column":78}},{"start":{},"end":{}}],"line":25},"2":{"loc":{"start":{"line":37,"column":2},"end":{"line":39,"column":3}},"type":"if","locations":[{"start":{"line":37,"column":2},"end":{"line":39,"column":3}},{"start":{},"end":{}}],"line":37},"3":{"loc":{"start":{"line":37,"column":6},"end":{"line":37,"column":35}},"type":"binary-expr","locations":[{"start":{"line":37,"column":6},"end":{"line":37,"column":12}},{"start":{"line":37,"column":16},"end":{"line":37,"column":24}},{"start":{"line":37,"column":28},"end":{"line":37,"column":35}}],"line":37},"4":{"loc":{"start":{"line":54,"column":4},"end":{"line":56,"column":5}},"type":"if","locations":[{"start":{"line":54,"column":4},"end":{"line":56,"column":5}},{"start":{},"end":{}}],"line":54},"5":{"loc":{"start":{"line":54,"column":47},"end":{"line":54,"column":76}},"type":"binary-expr","locations":[{"start":{"line":54,"column":47},"end":{"line":54,"column":53}},{"start":{"line":54,"column":57},"end":{"line":54,"column":76}}],"line":54},"6":{"loc":{"start":{"line":59,"column":4},"end":{"line":61,"column":5}},"type":"if","locations":[{"start":{"line":59,"column":4},"end":{"line":61,"column":5}},{"start":{},"end":{}}],"line":59},"7":{"loc":{"start":{"line":75,"column":4},"end":{"line":75,"column":78}},"type":"if","locations":[{"start":{"line":75,"column":4},"end":{"line":75,"column":78}},{"start":{},"end":{}}],"line":75},"8":{"loc":{"start":{"line":90,"column":4},"end":{"line":92,"column":5}},"type":"if","locations":[{"start":{"line":90,"column":4},"end":{"line":92,"column":5}},{"start":{},"end":{}}],"line":90},"9":{"loc":{"start":{"line":90,"column":8},"end":{"line":90,"column":37}},"type":"binary-expr","locations":[{"start":{"line":90,"column":8},"end":{"line":90,"column":14}},{"start":{"line":90,"column":18},"end":{"line":90,"column":37}}],"line":90}},"s":{"0":1,"1":1,"2":1,"3":2,"4":2,"5":1,"6":1,"7":1,"8":4,"9":4,"10":1,"11":3,"12":3,"13":2,"14":1,"15":1,"16":1,"17":1,"18":3,"19":3,"20":1,"21":2,"22":2,"23":1,"24":1,"25":1,"26":4,"27":4,"28":4,"29":10,"30":1,"31":3,"32":3,"33":1,"34":2,"35":1,"36":1,"37":1,"38":3,"39":3,"40":3,"41":1,"42":2,"43":1,"44":1,"45":1,"46":6,"47":6,"48":6,"49":3,"50":3,"51":2,"52":1},"f":{"0":2,"1":4,"2":3,"3":4,"4":10,"5":3,"6":6},"b":{"0":[1,3],"1":[1,1],"2":[1,2],"3":[3,3,2],"4":[1,3],"5":[10,9],"6":[1,2],"7":[1,2],"8":[3,3],"9":[6,3]},"_coverageSchema":"1a1c01bbd47fc00a2c39e90264f33305004495a9","hash":"24d1367cbb35d5c6e60f0a7c06a34ceeec10b46b"}
,"H:\\Projetos\\Tech Challenge 3\\backend\\src\\models\\index.js": {"path":"H:\\Projetos\\Tech Challenge 3\\backend\\src\\models\\index.js","statementMap":{"0":{"start":{"line":2,"column":0},"end":{"line":2,"column":27}},"1":{"start":{"line":3,"column":33},"end":{"line":3,"column":53}},"2":{"start":{"line":5,"column":18},"end":{"line":8,"column":2}},"3":{"start":{"line":11,"column":13},"end":{"line":26,"column":2}},"4":{"start":{"line":28,"column":0},"end":{"line":31,"column":2}}},"fnMap":{},"branchMap":{},"s":{"0":1,"1":1,"2":1,"3":1,"4":1},"f":{},"b":{},"_coverageSchema":"1a1c01bbd47fc00a2c39e90264f33305004495a9","hash":"a488f7255394e22d52f12355f994965721425123"}
,"H:\\Projetos\\Tech Challenge 3\\backend\\src\\routes\\posts.js": {"path":"H:\\Projetos\\Tech Challenge 3\\backend\\src\\routes\\posts.js","statementMap":{"0":{"start":{"line":1,"column":16},"end":{"line":1,"column":34}},"1":{"start":{"line":2,"column":15},"end":{"line":2,"column":31}},"2":{"start":{"line":3,"column":23},"end":{"line":3,"column":63}},"3":{"start":{"line":6,"column":0},"end":{"line":6,"column":44}},"4":{"start":{"line":9,"column":0},"end":{"line":9,"column":44}},"5":{"start":{"line":12,"column":0},"end":{"line":12,"column":50}},"6":{"start":{"line":15,"column":0},"end":{"line":15,"column":47}},"7":{"start":{"line":18,"column":0},"end":{"line":18,"column":46}},"8":{"start":{"line":21,"column":0},"end":{"line":21,"column":49}},"9":{"start":{"line":25,"column":0},"end":{"line":25,"column":24}}},"fnMap":{},"branchMap":{},"s":{"0":1,"1":1,"2":1,"3":1,"4":1,"5":1,"6":1,"7":1,"8":1,"9":1},"f":{},"b":{},"_coverageSchema":"1a1c01bbd47fc00a2c39e90264f33305004495a9","hash":"9268920a266c8d0e5465e3da5f4aa8ec107dcd19"}
}
