TN:
SF:src/app.js
FNF:0
FNH:0
DA:1,2
DA:2,2
DA:3,2
DA:5,2
DA:6,2
DA:8,2
DA:13,2
DA:16,2
DA:17,2
DA:19,2
LF:10
LH:10
BRF:0
BRH:0
end_of_record
TN:
SF:src/controllers/authController.js
FN:9,(anonymous_0)
FN:53,(anonymous_1)
FNF:2
FNH:2
FNDA:5,(anonymous_0)
FNDA:3,(anonymous_1)
DA:1,2
DA:2,2
DA:3,2
DA:4,2
DA:6,2
DA:9,2
DA:10,5
DA:11,5
DA:13,5
DA:14,1
DA:18,4
DA:24,4
DA:25,1
DA:29,3
DA:30,1
DA:34,2
DA:36,2
DA:43,2
DA:46,0
DA:47,0
DA:53,2
DA:54,3
DA:55,3
DA:58,3
DA:59,1
DA:62,2
DA:65,2
DA:66,2
DA:67,0
DA:71,2
DA:73,2
DA:76,0
DA:77,0
LF:33
LH:28
BRDA:6,0,0,2
BRDA:6,0,1,0
BRDA:13,1,0,1
BRDA:13,1,1,4
BRDA:13,2,0,5
BRDA:13,2,1,4
BRDA:24,3,0,1
BRDA:24,3,1,3
BRDA:29,4,0,1
BRDA:29,4,1,2
BRDA:58,5,0,1
BRDA:58,5,1,2
BRDA:58,6,0,3
BRDA:58,6,1,2
BRDA:58,6,2,2
BRDA:58,6,3,2
BRDA:66,7,0,0
BRDA:66,7,1,2
BRF:18
BRH:16
end_of_record
TN:
SF:src/controllers/postController.js
FN:5,(anonymous_0)
FN:15,(anonymous_1)
FN:34,createPost
FN:50,(anonymous_3)
FN:54,(anonymous_4)
FN:72,(anonymous_5)
FN:85,(anonymous_6)
FNF:7
FNH:7
FNDA:2,(anonymous_0)
FNDA:4,(anonymous_1)
FNDA:3,createPost
FNDA:4,(anonymous_3)
FNDA:10,(anonymous_4)
FNDA:3,(anonymous_5)
FNDA:6,(anonymous_6)
DA:1,2
DA:2,2
DA:5,2
DA:6,2
DA:7,2
DA:8,1
DA:10,1
DA:15,2
DA:16,4
DA:19,4
DA:20,1
DA:23,3
DA:24,3
DA:25,2
DA:26,1
DA:28,1
DA:34,2
DA:35,3
DA:37,3
DA:38,1
DA:41,2
DA:42,2
DA:43,1
DA:45,1
DA:50,2
DA:51,4
DA:52,4
DA:54,10
DA:55,1
DA:58,3
DA:59,3
DA:60,1
DA:63,2
DA:64,1
DA:66,1
DA:72,2
DA:73,3
DA:74,3
DA:75,3
DA:77,2
DA:78,1
DA:80,1
DA:85,2
DA:86,6
DA:87,6
DA:90,6
DA:91,3
DA:94,3
DA:103,2
DA:105,1
LF:50
LH:50
BRDA:19,0,0,1
BRDA:19,0,1,3
BRDA:25,1,0,1
BRDA:25,1,1,1
BRDA:37,2,0,1
BRDA:37,2,1,2
BRDA:37,3,0,3
BRDA:37,3,1,3
BRDA:37,3,2,2
BRDA:54,4,0,1
BRDA:54,4,1,3
BRDA:54,5,0,10
BRDA:54,5,1,9
BRDA:59,6,0,1
BRDA:59,6,1,2
BRDA:75,7,0,1
BRDA:75,7,1,2
BRDA:90,8,0,3
BRDA:90,8,1,3
BRDA:90,9,0,6
BRDA:90,9,1,3
BRF:21
BRH:21
end_of_record
TN:
SF:src/database/migrations/20250528000925-create-post.js
FN:4,(anonymous_0)
FN:31,(anonymous_1)
FNF:2
FNH:0
FNDA:0,(anonymous_0)
FNDA:0,(anonymous_1)
DA:3,0
DA:5,0
DA:32,0
LF:3
LH:0
BRF:0
BRH:0
end_of_record
TN:
SF:src/database/migrations/20250529022540-create-user.js
FN:4,(anonymous_0)
FN:36,(anonymous_1)
FNF:2
FNH:0
FNDA:0,(anonymous_0)
FNDA:0,(anonymous_1)
DA:3,0
DA:5,0
DA:37,0
LF:3
LH:0
BRF:0
BRH:0
end_of_record
TN:
SF:src/middlewares/authMiddleware.js
FN:4,(anonymous_0)
FNF:1
FNH:0
FNDA:0,(anonymous_0)
DA:1,0
DA:2,0
DA:4,0
DA:5,0
DA:7,0
DA:9,0
DA:10,0
DA:11,0
DA:12,0
DA:14,0
LF:10
LH:0
BRDA:2,0,0,0
BRDA:2,0,1,0
BRDA:7,1,0,0
BRDA:7,1,1,0
BRF:4
BRH:0
end_of_record
TN:
SF:src/models/index.js
FNF:0
FNH:0
DA:1,2
DA:3,2
DA:8,2
DA:9,2
DA:11,2
DA:12,2
DA:13,2
DA:14,2
LF:8
LH:8
BRF:0
BRH:0
end_of_record
TN:
SF:src/models/post.js
FN:4,(anonymous_0)
FNF:1
FNH:1
FNDA:2,(anonymous_0)
DA:2,2
DA:4,2
DA:5,2
LF:3
LH:3
BRF:0
BRH:0
end_of_record
TN:
SF:src/models/user.js
FN:4,(anonymous_0)
FNF:1
FNH:1
FNDA:2,(anonymous_0)
DA:2,2
DA:4,2
DA:5,2
DA:25,2
LF:4
LH:4
BRF:0
BRH:0
end_of_record
TN:
SF:src/routes/auth.js
FNF:0
FNH:0
DA:1,2
DA:2,2
DA:3,2
DA:5,2
DA:6,2
DA:8,2
LF:6
LH:6
BRF:0
BRH:0
end_of_record
TN:
SF:src/routes/posts.js
FNF:0
FNH:0
DA:1,2
DA:2,2
DA:3,2
DA:6,2
DA:9,2
DA:12,2
DA:15,2
DA:18,2
DA:21,2
DA:25,2
LF:10
LH:10
BRF:0
BRH:0
end_of_record
