TN:
SF:src\app.js
FNF:0
FNH:0
DA:1,1
DA:2,1
DA:4,1
DA:6,1
DA:7,1
DA:9,1
LF:6
LH:6
BRF:0
BRH:0
end_of_record
TN:
SF:src\controllers\postController.js
FN:5,(anonymous_0)
FN:15,(anonymous_1)
FN:34,createPost
FN:50,(anonymous_3)
FN:54,(anonymous_4)
FN:72,(anonymous_5)
FN:85,(anonymous_6)
FNF:7
FNH:7
FNDA:2,(anonymous_0)
FNDA:4,(anonymous_1)
FNDA:3,createPost
FNDA:4,(anonymous_3)
FNDA:10,(anonymous_4)
FNDA:3,(anonymous_5)
FNDA:6,(anonymous_6)
DA:1,1
DA:2,1
DA:5,1
DA:6,2
DA:7,2
DA:8,1
DA:10,1
DA:15,1
DA:16,4
DA:19,4
DA:20,1
DA:23,3
DA:24,3
DA:25,2
DA:26,1
DA:28,1
DA:34,1
DA:35,3
DA:37,3
DA:38,1
DA:41,2
DA:42,2
DA:43,1
DA:45,1
DA:50,1
DA:51,4
DA:52,4
DA:54,10
DA:55,1
DA:58,3
DA:59,3
DA:60,1
DA:63,2
DA:64,1
DA:66,1
DA:72,1
DA:73,3
DA:74,3
DA:75,3
DA:77,2
DA:78,1
DA:80,1
DA:85,1
DA:86,6
DA:87,6
DA:90,6
DA:91,3
DA:94,3
DA:103,2
DA:105,1
LF:50
LH:50
BRDA:19,0,0,1
BRDA:19,0,1,3
BRDA:25,1,0,1
BRDA:25,1,1,1
BRDA:37,2,0,1
BRDA:37,2,1,2
BRDA:37,3,0,3
BRDA:37,3,1,3
BRDA:37,3,2,2
BRDA:54,4,0,1
BRDA:54,4,1,3
BRDA:54,5,0,10
BRDA:54,5,1,9
BRDA:59,6,0,1
BRDA:59,6,1,2
BRDA:75,7,0,1
BRDA:75,7,1,2
BRDA:90,8,0,3
BRDA:90,8,1,3
BRDA:90,9,0,6
BRDA:90,9,1,3
BRF:21
BRH:21
end_of_record
TN:
SF:src\models\index.js
FNF:0
FNH:0
DA:2,1
DA:3,1
DA:5,1
DA:11,1
DA:28,1
LF:5
LH:5
BRF:0
BRH:0
end_of_record
TN:
SF:src\routes\posts.js
FNF:0
FNH:0
DA:1,1
DA:2,1
DA:3,1
DA:6,1
DA:9,1
DA:12,1
DA:15,1
DA:18,1
DA:21,1
DA:25,1
LF:10
LH:10
BRF:0
BRH:0
end_of_record
